{
  "0 debug pnpm:scope": {
    "selected": 1
  },
  "1 error pnpm": {
    "errno": 1,
    "code": "ELIFECYCLE",
    "pkgid": "everything-svelte@0.0.1",
    "stage": "dev",
    "script": "pnpm run format && vite dev",
    "pkgname": "everything-svelte",
    "err": {
      "name": "pnpm",
      "message": "everything-svelte@0.0.1 dev: `pnpm run format && vite dev`\nExit status 1",
      "code": "ELIFECYCLE",
      "stack": "pnpm: everything-svelte@0.0.1 dev: `pnpm run format && vite dev`\nExit status 1\n    at EventEmitter.<anonymous> (/home/brittneypostma/.local/share/pnpm/global-packages/5/node_modules/.pnpm/pnpm@7.1.2/node_modules/pnpm/dist/pnpm.cjs:106893:20)\n    at EventEmitter.emit (node:events:526:28)\n    at ChildProcess.<anonymous> (/home/brittneypostma/.local/share/pnpm/global-packages/5/node_modules/.pnpm/pnpm@7.1.2/node_modules/pnpm/dist/pnpm.cjs:93462:18)\n    at ChildProcess.emit (node:events:526:28)\n    at maybeClose (node:internal/child_process:1092:16)\n    at Process.ChildProcess._handle.onexit (node:internal/child_process:302:5)"
    }
  },
  "2 warn pnpm:global": " Local package.json exists, but node_modules missing, did you mean to install?"
}